(0001) 0000 3000		.ORIG	$3000
(0002) 3000 2600	cint:	LD	%3	b15
(0003) 3001 2200		LD	%1	a
(0004) 3002 2400		LD	%2	b
(0005) 3003 56c1		AND	%3 	%3	%1
(0006) 3004 16c2		ADD	%3	%3	%2
(0007) 3005 0600		BRzp	cmp
(0009) 3006 3200	retA:	ST	%1	r
(0010) 3007 0e00		BR	leave
(0012) 3008 94bf	cmp:	NOT	%2	%2
(0013) 3009 14a1		ADD	%2	%2	#1
(0014) 300a 1442		ADD	%2	%1	%2
(0015) 300b 3400		ST	%2	r
(0017) 300c f025	leave:	HALT
(0019) 300d 8000	b15:	.FILL	$8000
(0020) 300e b1e0	a:	.FILL	#-20000
(0021) 300f 4e20	b:	.FILL	#20000

Symbol Table
------------
(0002) 3000 cint
(0019) 300d b15
(0020) 300e a
(0021) 300f b
(0012) 3008 cmp
(0009) 3006 retA
(0022) 3010 r
(0017) 300c leave
