0000 3000 (0002)		.ORIG	$3000
3000 2200 (0003)		LD	r1	value
3001 5020 (0004)	pop:	AND	r0	r0	#0
3002 1260 (0005)		ADD	r1	r1	#0
3003 0600 (0006)		BRzp	skipf
3004 1021 (0007)		ADD	r0	r0	#1
3005 54a0 (0008)	skipf:	AND	r2	r2	#0
3006 14af (0009)		ADD	r2	r2	#15
3007 1201 (0010)	loop:	ADD	r1	r0	r1
3008 0600 (0011)		BRzp	skip
3009 1021 (0012)		ADD	r0	r0	#1
300a 14bf (0013)	skip:	ADD	r2	r2	#-1
300b 03fb (0014)		BRp	loop
300c f025 (0015)		HALT
300d 001d (0016)	value:	.FILL	#29
300e 0054 (0017)		.STRINGZ "This is a quote inside\" another string"
300f 0068
3010 0069
3011 0073
3012 0020
3013 0069
3014 0073
3015 0020
3016 0061
3017 0020
3018 0071
3019 0075
301a 006f
301b 0074
301c 0065
301d 0020
301e 0069
301f 006e
3020 0073
3021 0069
3022 0064
3023 0065
3024 005c
3025 0022
3026 0020
3027 0061
3028 006e
3029 006f
302a 0074
302b 0068
302c 0065
302d 0072
302e 0020
302f 0073
3030 0074
3031 0072
3032 0069
3033 006e
3034 0067
3035 0000

Symbol Table
------------
(0016) 300d value
(0004) 3001 pop
(0008) 3005 skipf
(0010) 3007 loop
(0013) 300a skip
