(0002) 0000 3000		.ORIG	$3000
(0003) 3000 e000	rev:	LEA	%0	FILE
(0004) 3001 123f		ADD	%1	%0	#-1
(0005) 3002 6641	LOOP1:	LDR	%3	%1	#1
(0006) 3003 0400		BRz	DONE1
(0007) 3004 1261		ADD	%1	%1	#1
(0008) 3005 0ffc		BR	LOOP1
(0010) 3006 943f	DONE1:	NOT	%2	%0
(0011) 3007 1481		ADD	%2	%2	%1
(0013) 3008 14a0	LOOP2:	ADD	%2	%2	#0
(0014) 3009 0800		BRn	DONE2
(0015) 300a 6600		LDR	%3	%0	#0
(0016) 300b 6840		LDR	%4	%1	#0
(0017) 300c 7800		STR	%4	%0	#0
(0018) 300d 7640		STR	%3	%1	#0
(0019) 300e 1021		ADD	%0	%0	#1
(0020) 300f 127f		ADD	%1	%1	#-1
(0021) 3010 14be		ADD	%2	%2	#-2
(0022) 3011 f025	DONE2:	HALT
(0023) 3012 0054	FILE:	.STRINGZ "This is so much fun!"
       3013 0068
       3014 0069
       3015 0073
       3016 0020
       3017 0069
       3018 0073
       3019 0020
       301a 0073
       301b 006f
       301c 0020
       301d 006d
       301e 0075
       301f 0063
       3020 0068
       3021 0020
       3022 0066
       3023 0075
       3024 006e
       3025 0021
       3026 0000

Symbol Table
------------
(0003) 3000 rev
(0023) 3012 FILE
(0005) 3002 LOOP1
(0010) 3006 DONE1
(0013) 3008 LOOP2
(0022) 3011 DONE2
